1560583260589	mozrunner::runner	INFO	Running command: "C:\\Program Files (x86)\\Mozilla Firefox\\firefox.exe" "-marionette" "-foreground" "-no-remote" "-profile" "C:\\Users\\Shuva\\AppData\\Local\\Temp\\rust_mozprofile.aRWmYLbx2vpk"
1560583261631	addons.webextension.screenshots@mozilla.org	WARN	Loading extension 'screenshots@mozilla.org': Reading manifest: Invalid extension permission: mozillaAddons
1560583261632	addons.webextension.screenshots@mozilla.org	WARN	Loading extension 'screenshots@mozilla.org': Reading manifest: Invalid extension permission: resource://pdf.js/
1560583261632	addons.webextension.screenshots@mozilla.org	WARN	Loading extension 'screenshots@mozilla.org': Reading manifest: Invalid extension permission: about:reader*
1560583265431	Marionette	INFO	Listening on port 50391
1560583265513	Marionette	WARN	TLS certificate errors will be ignored for this session
console.error: BroadcastService: 
  receivedBroadcastMessage: handler for
  remote-settings/monitor_changes
  threw error:
  Message: Error: Polling for changes failed: http://%(server)s/dummy/blocklist//buckets/monitor/collections/changes/records?_expected=%221560543503257%22 is not a valid URL..
  Stack:
    remoteSettingsFunction/remoteSettings.pollChanges@resource://services-settings/remote-settings.js:203:13

console.warn: "Error while detaching the thread front: 'detach' request packet to 'server1.conn0.child1/context19' can't be sent as the connection is closed."
JavaScript error: resource://devtools/shared/protocol.js, line 1299: Error: Connection closed, pending request to server1.conn0.child1/domnode53, type setNodeValue failed

Request stack:
request@resource://devtools/shared/protocol.js:1386:14
generateRequestMethods/</frontProto[name]@resource://devtools/shared/protocol.js:1510:19
TextEditor/done/</<@resource://devtools/client/inspector/markup/views/text-editor.js:48:21
do@resource://devtools/client/shared/undo.js:72:16
endBatch@resource://devtools/client/shared/undo.js:83:11
do@resource://devtools/client/shared/undo.js:96:10
TextEditor/done/<@resource://devtools/client/inspector/markup/views/text-editor.js:47:29
process@resource://gre/modules/Promise-backend.js:923:38
walkerLoop@resource://gre/modules/Promise-backend.js:807:29
scheduleWalkerLoop/<@resource://gre/modules/Promise-backend.js:743:14

[Parent 4908, Gecko_I[Child 7028, Chrome_ChildThread] WARNING: pipe error: 109: file z:/task_1559931766/build/src/ipc/chromium/src/chrome/common/ipc_channel_win.cc, line 341
[Child 7028, Chrome_ChildThread] WARNING: pipe e[Child 6300, Chrome_ChildThread] WARNING: pipe error: 109: file z:/task_1559931766/build/src/ipc/chromium/src/chrome/common/ipc_channel_win.cc, line 341
[Child 6300, Chrome_ChildThread] WARNING: pipe error: 109: file z:/task_1559931766/build/src/ipc/chromium/src/chrome/common/ipc_channel_win.cc, line 341
1560583582010	Marionette	INFO	Stopped listening on port 50489
n.cc, li[Child 4368, Chrome_ChildThread] WARNING: pipe error: 109: file z:/task_1559931766/build/src/ipc/chromium/src/chrome/common/ipc_channel_win.cc, line 341

###!!! [Child][MessageChannel] Error: (msgtype=0x530005,name=PHttpChannel::Msg_Cancel) Closed channel: cannot send/recv

[Child 6328, Chrome_ChildThread] WARNING: pipe error: 109: file z:/task_1559931766/build/src/ipc/chromium/src/chrome/common/ipc_channel_win.cc, li1560583581976	Marionette	INFO	Stopped listening on port 50391
1560583601580	mozrunner::runner	INFO	Running command: "C:\\Program Files (x86)\\Mozilla Firefox\\firefox.exe" "-marionette" "-foreground" "-no-remote" "-profile" "C:\\Users\\Shuva\\AppData\\Local\\Temp\\rust_mozprofile.J7wCKofgt0cg"
1560583603127	addons.webextension.screenshots@mozilla.org	WARN	Loading extension 'screenshots@mozilla.org': Reading manifest: Invalid extension permission: mozillaAddons
1560583603127	addons.webextension.screenshots@mozilla.org	WARN	Loading extension 'screenshots@mozilla.org': Reading manifest: Invalid extension permission: resource://pdf.js/
1560583603127	addons.webextension.screenshots@mozilla.org	WARN	Loading extension 'screenshots@mozilla.org': Reading manifest: Invalid extension permission: about:reader*
1560583606806	Marionette	INFO	Listening on port 50611
1560583607002	Marionette	WARN	TLS certificate errors will be ignored for this session
[Child 6520, Chrome_ChildThread] WARNING: pipe error: 109: file z:/task_1559931766/build/src/ipc/chromium/src/chrome/common/ipc_channel_win.cc, line 341
[Parent 2840, Gecko_IOThread] WARNING: pipe error: 109: file z:/task_1559931766/build/src/ipc/chromium/src/chrome/common/ipc_channel_win.cc, line 341
[Child 5280, Chrome_ChildThread] WARNING: pipe error: 109: file z:/task_1559931766
###!!! [Child][MessageChannel] Error: (msgtype=0x530012,name=PHttpChannel::Msg___delete__) Channel closing: too late to send/recv, messages will be lost

/build/src/ipc/chromium/src/chrome/common/ipc_channel_win.cc, line 34
###!!! [Child][MessageChannel] Error: (msgtype=0x610027,name=PNecko::Msg_RemoveRequestContext) Channel closing: too late to send/recv, messages will be lost

1
[Parent 2840, Gecko_IOThread] WARNING: pipe error: 109: file z:/task_1559931766/build/src/ipc/chromium/src/chrome/common/ipc_channel_win.cc, line 341
[Child 5656, Chrome_ChildThread] WARNING: pipe error: 109: file z:/task_1559931766/build/src/ipc/chromium/src/chrome/common/ipc_channel_win.cc, line 341
[Parent 2840, Gecko_IOThread] WARNING: file z:/task_1559931766/build/src/ipc/chromium/src/base/process_util_win.cc, line 160
1560583660253	Marionette	INFO	Stopped listening on port 50611
JavaScript error: resource://gre/modules/osfile/osfile_async_front.jsm, line 400: Error: OS.File has been shut down. Rejecting post to stat
1560583675662	mozrunner::runner	INFO	Running command: "C:\\Program Files (x86)\\Mozilla Firefox\\firefox.exe" "-marionette" "-foreground" "-no-remote" "-profile" "C:\\Users\\Shuva\\AppData\\Local\\Temp\\rust_mozprofile.oMu03fFIaEHD"
1560583676262	addons.webextension.screenshots@mozilla.org	WARN	Loading extension 'screenshots@mozilla.org': Reading manifest: Invalid extension permission: mozillaAddons
1560583676262	addons.webextension.screenshots@mozilla.org	WARN	Loading extension 'screenshots@mozilla.org': Reading manifest: Invalid extension permission: resource://pdf.js/
1560583676263	addons.webextension.screenshots@mozilla.org	WARN	Loading extension 'screenshots@mozilla.org': Reading manifest: Invalid extension permission: about:reader*
1560583679519	Marionette	INFO	Listening on port 50695
1560583679987	Marionette	WARN	TLS certificate errors will be ignored for this session
1560583684107	Marionette	INFO	Stopped listening on port 50695
[Parent 6776, Gecko_IOThread] WARNING: file z:/task_1559931766/build/src/ipc/chromium/src/base/process_util_win.cc, line 160
[Parent 6776, Gecko_IOThread] WARNING: pipe error: 109: file z:/task_1559931766/build/src/ipc/chromium/src/chrome/common/ipc_channel_win.cc, line 341
[Child 5964, Chrome_ChildThread] WARNING: pipe error: 109: file z:/task_1559931766/build/
###!!! [Child][RunMessage] Error: Channel closing: too late to send/recv, messages will be lost

src/ipc/chromium/src/chrome/common/ipc_channel_win.cc, line 341
[Child 5964, Chrome_ChildThread] WARNING: pipe error: 109: file z:/task_1559931766/build/src/
###!!! [Child][MessageChannel] Error: (msgtype=0x3600BB,name=PContent::Msg_ScriptErrorWithStack) Channel closing: too late to send/recv, messages will be lost

ipc/chromium/src/chrome/common/ipc_channel_win.cc, line 341
[Parent 6776, Gecko_IOThread] WARNING: pipe error: 109: file z:/task_1559931766/build/src/ipc/chromium/src/chrome/common/ipc_channel_win.cc, line 341
[Child 5704, Chrome_ChildThread] WARNING: pipe error: 109: file z:/task_1559931766/build/src/ipc/chromium/src/chrome/common/ipc_channel_win.cc, line 341
[Child 5704, Chrome_ChildThread] WARNING: pipe er1560583736931	mozrunner::runner	INFO	Running command: "C:\\Program Files (x86)\\Mozilla Firefox\\firefox.exe" "-marionette" "-foreground" "-no-remote" "-profile" "C:\\Users\\Shuva\\AppData\\Local\\Temp\\rust_mozprofile.3Ze5M2EY9E68"
1560583737647	addons.webextension.screenshots@mozilla.org	WARN	Loading extension 'screenshots@mozilla.org': Reading manifest: Invalid extension permission: mozillaAddons
1560583737647	addons.webextension.screenshots@mozilla.org	WARN	Loading extension 'screenshots@mozilla.org': Reading manifest: Invalid extension permission: resource://pdf.js/
1560583737647	addons.webextension.screenshots@mozilla.org	WARN	Loading extension 'screenshots@mozilla.org': Reading manifest: Invalid extension permission: about:reader*
1560583741276	Marionette	INFO	Listening on port 50757
1560583741342	Marionette	WARN	TLS certificate errors will be ignored for this session
console.error: BroadcastService: 
  receivedBroadcastMessage: handler for
  remote-settings/monitor_changes
  threw error:
  Message: Error: Polling for changes failed: http://%(server)s/dummy/blocklist//buckets/monitor/collections/changes/records?_expected=%221560543503257%22 is not a valid URL..
  Stack:
    remoteSettingsFunction/remoteSettings.pollChanges@resource://services-settings/remote-settings.js:203:13

[Parent 6820, Gecko_IOThread] WARNING: pipe error: 109: file z:/task_1559931766/build/src/ipc/chromium/src/chrome/common/ipc_channel_win.cc, line 341
[Parent 6820, Gecko_IOThread] WARNING: pipe error: 109: file z:/task_1559931766/build/src/ipc/chromium/src/chrome/common/ipc_channel_win.cc, line 341

###!!! [Child][MessageChannel] Error: (msgtype=0x530005,name=PHttpChannel::Msg_Cancel) Closed channel: cannot send/recv

[Child 1780, Chrome_ChildThread] WARNING: pipe [Child 6480, Chrome_ChildThread] WARNING: pipe error: 109: file z:/task_1559931766/build/src/ipc/chromium/src/chrome/common/ipc_channel_win.cc, line 341
[Child 6480, Chrome_ChildThread] WARNING: pipe error: 109: file z:/task_1559931766/build/src/[Parent 6820, Gecko_IOThread] WARNING: pipe error: 109: file z:/task_1559931766/build/src/ipc/chromium/src/chrome/common/ipc_channel_win.cc, line 341
[Child 1304, Chrome_ChildThread] WARNING: pipe error: 109: file z:/task_1559931766/build/src/ipc/chromium/src/chrome/common/ipc_channel_win.cc, line 341
[Child 1304, Chrome_ChildThread] WARNING: pipe error: 11560583765653	Marionette	INFO	Stopped listening on port 50757
1560583776957	mozrunner::runner	INFO	Running command: "C:\\Program Files (x86)\\Mozilla Firefox\\firefox.exe" "-marionette" "-foreground" "-no-remote" "-profile" "C:\\Users\\Shuva\\AppData\\Local\\Temp\\rust_mozprofile.qVwvKKXWdPH5"
1560583777554	addons.webextension.screenshots@mozilla.org	WARN	Loading extension 'screenshots@mozilla.org': Reading manifest: Invalid extension permission: mozillaAddons
1560583777554	addons.webextension.screenshots@mozilla.org	WARN	Loading extension 'screenshots@mozilla.org': Reading manifest: Invalid extension permission: resource://pdf.js/
1560583777554	addons.webextension.screenshots@mozilla.org	WARN	Loading extension 'screenshots@mozilla.org': Reading manifest: Invalid extension permission: about:reader*
1560583781246	Marionette	INFO	Listening on port 50812
1560583781271	Marionette	WARN	TLS certificate errors will be ignored for this session
[Child 5796, Chrome_ChildThread] WARNING: pipe error: 109: file z:/task_1559931[Child 2156, Chrome_ChildThread] WARNING: pipe error: 109: file z:/task_1559931766/build/src/ipc/chromium/src/chrome/common/ipc_channel_win.cc, line 341
[Child 2156, Chrome_Ch
###!!! [Child][MessageChannel] Error: (msgtype=0x530005,name=PHttpChannel::Msg_Cancel) Closed channel: cannot send/recv

ildThread] WARNING: pipe error: 109: file z:/task_1560583790480	Marionette	INFO	Stopped listening on port 50812
1560604152394	mozrunner::runner	INFO	Running command: "C:\\Program Files (x86)\\Mozilla Firefox\\firefox.exe" "-marionette" "-foreground" "-no-remote" "-profile" "C:\\Users\\Shuva\\AppData\\Local\\Temp\\rust_mozprofile.TK1X2pNmj9Za"
1560604154027	addons.webextension.screenshots@mozilla.org	WARN	Loading extension 'screenshots@mozilla.org': Reading manifest: Invalid extension permission: mozillaAddons
1560604154027	addons.webextension.screenshots@mozilla.org	WARN	Loading extension 'screenshots@mozilla.org': Reading manifest: Invalid extension permission: resource://pdf.js/
1560604154027	addons.webextension.screenshots@mozilla.org	WARN	Loading extension 'screenshots@mozilla.org': Reading manifest: Invalid extension permission: about:reader*
1560604162822	Marionette	INFO	Listening on port 49574

###!!! [Parent][MessageChannel] Error: (msgtype=0x360059,name=PContent::Msg_ProvideAnonymousTemporaryFile) Closed channel: cannot send/recv

1560604162847	Marionette	WARN	TLS certificate errors will be ignored for this session
1560604168489	Marionette	INFO	Stopped listening on port 49574
[Child 4832, Chrome_ChildThread] WARNING: pipe error: 109: file z:/task_1559931766/build/src/ipc/chromium/src/chrome/common/ipc_channel_win.cc, line 341
[Parent 5800, Gecko_IOThread] WARNING: pipe error: 109: file z:/task_1559931766/build/src/ipc/chromium/src/chrome/common/ipc_channel_win.cc, line 341
[Child 4840, Chrome_ChildThread] WARNING: pipe error: 109: file z:/task_1559931766/build/src/ipc/chromium/src/chrome/common/ipc_channel_win.cc, line 341
[Child 4840, Chrome_ChildThread] WARNING: pipe error: 109: file z:/task_1559931766[Parent 5800, Gecko_IOThread] WARNING: pipe error: 109: file z:/task_1559931766/build/src/ipc/chromium/src/chrome/common/ipc_channel_win.cc, line 341
[Child 3988, Chrome_ChildThread] WARNING: pipe error: 109: file z:/task_1559931766/build/src/ipc/chromium/src/chrome/common/ipc_channel_win.cc, line 341
[Child 3988, Chrome_ChildThread] WARNING: pipe error: 109: file z:/task_1559931766/build/src/i1560604336242	mozrunner::runner	INFO	Running command: "C:\\Program Files (x86)\\Mozilla Firefox\\firefox.exe" "-marionette" "-foreground" "-no-remote" "-profile" "C:\\Users\\Shuva\\AppData\\Local\\Temp\\rust_mozprofile.chtDyucojdzk"
1560604337873	addons.webextension.screenshots@mozilla.org	WARN	Loading extension 'screenshots@mozilla.org': Reading manifest: Invalid extension permission: mozillaAddons
1560604337873	addons.webextension.screenshots@mozilla.org	WARN	Loading extension 'screenshots@mozilla.org': Reading manifest: Invalid extension permission: resource://pdf.js/
1560604337874	addons.webextension.screenshots@mozilla.org	WARN	Loading extension 'screenshots@mozilla.org': Reading manifest: Invalid extension permission: about:reader*
1560604341115	Marionette	INFO	Listening on port 49670
1560604341246	Marionette	WARN	TLS certificate errors will be ignored for this session
[Parent 2488, Gecko_IOThread] WARNING: pipe error: 109: file z:/task_1559931766/build/src/ipc/chromium/src/chrome/common/ipc_channel_win.cc, line 341
[Child 5048, Chrome_ChildThread] WARNING: pipe error: 109: file z:/task_1559931766/build/src/ipc/chromium/src/chrome/common/ipc_channel_win.cc, line 341
[[Parent 2488, Gecko_IOThread] WARNING: file z:/task_1559931766/build/src/ipc/chromium/src/base/process_util_win.cc, line 160
1560604414259	Marionette	INFO	Stopped listening on port 49670
1560604434203	mozrunner::runner	INFO	Running command: "C:\\Program Files (x86)\\Mozilla Firefox\\firefox.exe" "-marionette" "-foreground" "-no-remote" "-profile" "C:\\Users\\Shuva\\AppData\\Local\\Temp\\rust_mozprofile.FczxrIzKjkoJ"
1560604435653	addons.webextension.screenshots@mozilla.org	WARN	Loading extension 'screenshots@mozilla.org': Reading manifest: Invalid extension permission: mozillaAddons
1560604435654	addons.webextension.screenshots@mozilla.org	WARN	Loading extension 'screenshots@mozilla.org': Reading manifest: Invalid extension permission: resource://pdf.js/
1560604435654	addons.webextension.screenshots@mozilla.org	WARN	Loading extension 'screenshots@mozilla.org': Reading manifest: Invalid extension permission: about:reader*
1560604439245	Marionette	INFO	Listening on port 49743
1560604439621	Marionette	WARN	TLS certificate errors will be ignored for this session
JavaScript error: https://www.youtube.com/yts/jsbin/www-embed-player-vflYLRVV3/www-embed-player.js, line 450: NS_ERROR_NOT_INITIALIZED: 
[Parent 4936, Gecko_IOThread] WARNING: pipe error: 109: file z:/task_1559931766/build/src/ipc/chromium/src/chrome/common/ipc_channel_win.cc, line 341
[Parent 4936, Gecko_IOThread] WARNING: pipe error: 109: file z:/task_1559931766/build/src/ipc/chromium/src/chrome/common/ipc_channel_win.cc, line 341
[Child 4380, Chrome_ChildThread] WARNING: pipe error: 109: file z:/task_1559931766/build/src/ipc/chromium/src/chrome/common/ipc_channel_win.cc, line 341
[Child 4380, Chrome_ChildThread] WARNING: pipe error: 109: file z:/task_1559931766/build/src/ipc/chromium/src/chrome/common/ipc_channel_win.cc, line 341
[Child 5416, Chrome_ChildThread] WARNING: pipe error: 109: file z:/task_1559931766/build/src/ipc/chromium/src/chrome/common/ipc_channel_win.cc, line 341
[Child 5416, Chrome_ChildThread] WARNING: pipe error: 109: file z:/task_1559931766/build/src/ipc/chromium/src/chrome/common/ipc_channel_win.cc, line 341
[Child 4832, Chrome_ChildThread] WARNING: pipe error: 109: file z:/task_1559931766/build/src/ipc/chromium/src/chrome/common/ipc_channel_win.cc, line 341
[Child 4832, Chrome_ChildThread] WARNING: pipe error: 109: file z:/task_15599[Parent 4936, Gecko_IOThread] WARNING: file z:/task_1559931766/build/src/ipc/chromium/src/base/process_util_win.cc, line 160
1560604482637	Marionette	INFO	Stopped listening on port 49743
1560604512630	mozrunner::runner	INFO	Running command: "C:\\Program Files (x86)\\Mozilla Firefox\\firefox.exe" "-marionette" "-foreground" "-no-remote" "-profile" "C:\\Users\\Shuva\\AppData\\Local\\Temp\\rust_mozprofile.wv2X3hfWbpp2"
1560604514618	addons.webextension.screenshots@mozilla.org	WARN	Loading extension 'screenshots@mozilla.org': Reading manifest: Invalid extension permission: mozillaAddons
1560604514618	addons.webextension.screenshots@mozilla.org	WARN	Loading extension 'screenshots@mozilla.org': Reading manifest: Invalid extension permission: resource://pdf.js/
1560604514618	addons.webextension.screenshots@mozilla.org	WARN	Loading extension 'screenshots@mozilla.org': Reading manifest: Invalid extension permission: about:reader*
1560604517848	Marionette	INFO	Listening on port 49816
1560604518061	Marionette	WARN	TLS certificate errors will be ignored for this session
1560604522937	Marionette	WARN	TimedPromise timed out after 500 ms: stacktrace:
bail@chrome://marionette/content/sync.js:223:64
JavaScript warning: https://static.licdn.com/sc/h/br/cl81qh35b3zki7seeupaxgwlz, line 7656: unreachable code after return statement
1560604535659	Marionette	INFO	Stopped listening on port 49816
[Child 5956, Chrome_ChildThread] WARNING: pipe error: 109: file z:/task_1559931766/build/src/ipc/chromium/src/chrome/common/ipc_channel_win.cc, line 341
[Child 5956, Chrome_ChildThread] WARNING: pipe error: 109: file z:/task_1559931766/build/src/ipc/chromium/src/chrome/common/ipc_channel_win.cc, line 341
[Parent 5312, Gecko_IOThread] WARNING: pipe error: 109: file z:/task_1559931766/build/src/ipc/chromium/src/chrome/common/ipc_channel_win.cc, line 341
[Child 5048, Chrome_ChildThread] WARNING: pipe error: 109: file z:/task_1559931766/build/src/ipc/chromium/src/chrome/common/ipc_channel_wi
###!!! [Child][MessageChannel] Error: (msgtype=0x53000D,name=PHttpChannel::Msg_RemoveCorsPreflightCacheEntry) Closed channel: cannot send/recv

n.cc, line 341
[Parent 5312, Gecko_IOThread] WARNING: pipe error: 109: file z:/task_1559931766/build/src/ipc/chromium/src/chrome/common/ipc_channel_win.cc, line 341
[Child 3692, Chrome_ChildThread] [Parent 5312, Gecko_IOThread] WARNING: file z:/task_1559931766/build/src/ipc/chromium/src/base/process_util_win.cc, line 160
1560615908358	mozrunner::runner	INFO	Running command: "C:\\Program Files (x86)\\Mozilla Firefox\\firefox.exe" "-marionette" "-foreground" "-no-remote" "-profile" "C:\\Users\\Shuva\\AppData\\Local\\Temp\\rust_mozprofile.MOpmv3dnUw3o"
1560615909794	addons.webextension.screenshots@mozilla.org	WARN	Loading extension 'screenshots@mozilla.org': Reading manifest: Invalid extension permission: mozillaAddons
1560615909795	addons.webextension.screenshots@mozilla.org	WARN	Loading extension 'screenshots@mozilla.org': Reading manifest: Invalid extension permission: resource://pdf.js/
1560615909795	addons.webextension.screenshots@mozilla.org	WARN	Loading extension 'screenshots@mozilla.org': Reading manifest: Invalid extension permission: about:reader*
1560615915677	Marionette	INFO	Listening on port 51123
1560615916170	Marionette	WARN	TLS certificate errors will be ignored for this session
[Child 7248, Chrome_ChildThread] WARNING: pipe error: 109: file z:/task_1559931766/build/src/ipc/chromium/src/chrome/common/ipc_channel_win.cc, line 341
[Child 3584, Chrome[Parent 5872, Gecko_IOThread] WARNING: file z:/task_1559931766/build/src/ipc/chromium/src/base/process_util_win.cc, line 160
1560615985275	Marionette	INFO	Stopped listening on port 51123
alid extension permission: mozillaAddons
1560615968425	addons.webextension.screenshots@mozilla.org	WARN	Loading extension 'screenshots@mozilla.org': Reading manifest: Invalid extension permission: resource://pdf.js/
1560615968425	addons.webextension.screenshots@mozilla.org	WARN	Loading extension 'screenshots@mozilla.org': Reading manifest: Invalid extension permission: about:reader*
1560615971946	Marionette	INFO	Listening on port 51187
1560615972151	Marionette	WARN	TLS certificate errors will be ignored for this session
1560615977716	Marionette	WARN	TimedPromise timed out after 500 ms: stacktrace:
bail@chrome://marionette/content/sync.js:223:64
[Parent 4320, Gecko_IOThread] WARNING: pipe error: 109: file z:/task_1559931766/build/src/ipc/chromium/src/chrome/common/ipc_channel_win.cc, line 341
[Child 6608,[Child 5132, Chrome_ChildThread] WARNING: pipe error: 109: file z:/task_1559931766/build/src/ipc/chromium/src/chrome/common/ipc_channel_win.cc, line 341
[Child 5132, Chrome_ChildThread] [Child 5000, Chrome_ChildThread] WARNING: pipe error: 109: file z:/task_1559931766/build/src/ipc/chromium/src/chrome/common/ipc_channel_win.cc, line 341
[Child 5000, Chrome_ChildThread] WARNING: pipe error: 109: file z:/task_1559931766/build/1560615982000	Marionette	INFO	Stopped listening on port 51187
1560621130764	mozrunner::runner	INFO	Running command: "C:\\Program Files (x86)\\Mozilla Firefox\\firefox.exe" "-marionette" "-foreground" "-no-remote" "-profile" "C:\\Users\\Shuva\\AppData\\Local\\Temp\\rust_mozprofile.1geudswcz60B"
1560621132267	addons.webextension.screenshots@mozilla.org	WARN	Loading extension 'screenshots@mozilla.org': Reading manifest: Invalid extension permission: mozillaAddons
1560621132267	addons.webextension.screenshots@mozilla.org	WARN	Loading extension 'screenshots@mozilla.org': Reading manifest: Invalid extension permission: resource://pdf.js/
1560621132268	addons.webextension.screenshots@mozilla.org	WARN	Loading extension 'screenshots@mozilla.org': Reading manifest: Invalid extension permission: about:reader*
1560621135715	Marionette	INFO	Listening on port 52196
1560621135731	Marionette	WARN	TLS certificate errors will be ignored for this session
[Parent 6044, Gecko_IOThread] WARNING: pipe error: 109: file z:/task_1559931766/build/src/ipc/chromium/src/chrome/common/ipc_channel_win.cc, line 341
[Child 5328, Chrome_ChildThread] WARNING: pipe error: 109: file z:/task_1559931766/build/src/ipc/chromium/src/chrome/common/ipc_channel_win.cc, line 341
[Child 5328, Chrome_ChildThread] WARNING: pipe error: 109: file z:/task_1559931766/build/src/ipc/chromium/src/chrome/common/ipc_channel_win.cc, line 341

###!!! [Child][RunMessage] Error: Channel closing: too late to send/recv, messages will be lost


###!!! [Child][MessageChannel] Error: (msgtype=0x530005,name=PHttpChannel::Msg_Cancel) Closed channel: cannot send/recv

[Child 5052, Chrome_ChildThread] WARNING: pipe error: 109: file z:/task_1559931766/build/src/ipc/chromium/src/chrome/common/ipc_channel_win.cc, line 341
[Child 5052, Chrome_ChildThread] WARNING: pipe error: 109: file z:/task_1559931766/build/src/ipc/chromium/src/chrome/common/ipc_channel_win.cc, line 341
[Child 5616, C[Parent 6044, Gecko_IOThread] WARNING: file z:/task_1559931766/build/src/ipc/chromium/src/base/process_util_win.cc, line 160
1560621223184	Marionette	INFO	Stopped listening on port 52196
1560621226583	mozrunner::runner	INFO	Running command: "C:\\Program Files (x86)\\Mozilla Firefox\\firefox.exe" "-marionette" "-foreground" "-no-remote" "-profile" "C:\\Users\\Shuva\\AppData\\Local\\Temp\\rust_mozprofile.bNveoGhD2Pw9"
1560621227219	addons.webextension.screenshots@mozilla.org	WARN	Loading extension 'screenshots@mozilla.org': Reading manifest: Invalid extension permission: mozillaAddons
1560621227219	addons.webextension.screenshots@mozilla.org	WARN	Loading extension 'screenshots@mozilla.org': Reading manifest: Invalid extension permission: resource://pdf.js/
1560621227220	addons.webextension.screenshots@mozilla.org	WARN	Loading extension 'screenshots@mozilla.org': Reading manifest: Invalid extension permission: about:reader*
1560621230674	Marionette	INFO	Listening on port 52276
1560621230900	Marionette	WARN	TLS certificate errors will be ignored for this session
[Parent 6004, Gecko_IOThread] WARNING: pipe error: 109: file z:/task_1559931766/build/src/ipc/chromium/src/chrome/common/ipc_channel_win.cc, line 341
1560621236459	Marionette	WARN	TimedPromise timed out after 500 ms: stacktrace:
bail@chrome://marionette/content/sync.js:223:64
JavaScript warning: https://static.licdn.com/sc/h/br/cl81qh35b3zki7seeupaxgwlz, line 7656: unreachable code after return statement
[Child 6748, Chrome_ChildThread] WARNING: pipe error: 109: file z:/task_1559931766/build/src/ipc/chromium/src/chrome/common/ipc_channel_win.cc, line 341
[Parent 6004, Gecko_IOThread] WARNING: file z:/task_1559931766/build/src/ipc/chromium/src/base/process_util_win.cc, line 160
[Child 2144, Chr[Parent 6004, Gecko_IOThread] WARNING: file z:/task_1559931766/build/src/ipc/chromium/src/base/process_util_win.cc, line 160
1560621327152	Marionette	INFO	Stopped listening on port 52276
1560621347974	mozrunner::runner	INFO	Running command: "C:\\Program Files (x86)\\Mozilla Firefox\\firefox.exe" "-marionette" "-foreground" "-no-remote" "-profile" "C:\\Users\\Shuva\\AppData\\Local\\Temp\\rust_mozprofile.XUeguNzVv6qO"
1560621348654	addons.webextension.screenshots@mozilla.org	WARN	Loading extension 'screenshots@mozilla.org': Reading manifest: Invalid extension permission: mozillaAddons
1560621348655	addons.webextension.screenshots@mozilla.org	WARN	Loading extension 'screenshots@mozilla.org': Reading manifest: Invalid extension permission: resource://pdf.js/
1560621348655	addons.webextension.screenshots@mozilla.org	WARN	Loading extension 'screenshots@mozilla.org': Reading manifest: Invalid extension permission: about:reader*
1560621351881	Marionette	INFO	Listening on port 52385
1560621352291	Marionette	WARN	TLS certificate errors will be ignored for this session
1560621357458	Marionette	WARN	TimedPromise timed out after 500 ms: stacktrace:
bail@chrome://marionette/content/sync.js:223:64
JavaScript warning: https://static.licdn.com/sc/h/br/cl81qh35b3zki7seeupaxgwlz, line 7656: unreachable code after return statement
1560621371042	Marionette	INFO	Stopped listening on port 52385
[Parent 7324, Gecko_IOThread] WARNING: pipe error: 109: file z:/task_1559931766/build/src/ipc/chromium/src/chrome/common/ipc_channel_win.cc, line 341
[Child 9208, Chrome_ChildThread] WARNING: pipe error: 109: file z:/task_1559931766/build/src/ipc/chromium/src/chrome/common/ipc_channel_win.cc, line 341
[Child 9208, Chrome_ChildThread] WARNING: pipe error: 109: file z:/task_1559931766/build/src/ipc/chromium/src/chrome/common/ipc_channel_win.cc, line 341
[Parent 7324, Gecko_IOThread] WARNING: pipe error: 109: file z:/task_1559931766/build/src/ipc/chromium/src/chrome/common/ipc_channel_win.cc, line 341
[Child 5612, Chrome_ChildThread] WARNING: pipe error: 109: file z:/task_1559931766/build/src/ipc/chromium/src/chrome/common/ipc_channel_win.cc, line 341
[Child 5612, Chrome_ChildThread] WARNING: pipe error: 109: file z:/task_1559931766/build/src/ipc/chromium/src/chrome/common/ipc_channel_win.cc, line 341
1560621534845	mozrunner::runner	INFO	Running command: "C:\\Program Files (x86)\\Mozilla Firefox\\firefox.exe" "-marionette" "-foreground" "-no-remote" "-profile" "C:\\Users\\Shuva\\AppData\\Local\\Temp\\rust_mozprofile.OIM2l5ehadlZ"
1560621535445	addons.webextension.screenshots@mozilla.org	WARN	Loading extension 'screenshots@mozilla.org': Reading manifest: Invalid extension permission: mozillaAddons
1560621535445	addons.webextension.screenshots@mozilla.org	WARN	Loading extension 'screenshots@mozilla.org': Reading manifest: Invalid extension permission: resource://pdf.js/
1560621535446	addons.webextension.screenshots@mozilla.org	WARN	Loading extension 'screenshots@mozilla.org': Reading manifest: Invalid extension permission: about:reader*
1560621538872	Marionette	INFO	Listening on port 52497
1560621539160	Marionette	WARN	TLS certificate errors will be ignored for this session
1560621544607	Marionette	WARN	TimedPromise timed out after 500 ms: stacktrace:
bail@chrome://marionette/content/sync.js:223:64
JavaScript warning: https://static.licdn.com/sc/h/br/cl81qh35b3zki7seeupaxgwlz, line 7656: unreachable code after return statement
console.error: BroadcastService: 
  receivedBroadcastMessage: handler for
  remote-settings/monitor_changes
  threw error:
  Message: Error: Polling for changes failed: http://%(server)s/dummy/blocklist//buckets/monitor/collections/changes/records?_expected=%221560618350307%22 is not a valid URL..
  Stack:
    remoteSettingsFunction/remoteSettings.pollChanges@resource://services-settings/remote-settings.js:203:13

1560621577940	Marionette	INFO	Stopped listening on port 52497
[Child 4296, Chrome_ChildThread] WARNING: pipe error: 109: file z:/task_1559931766/build/src/ipc/chromium/src/chrome/common/ipc_channel_win.cc, line 341
[Child 4296, Chrome_ChildThread] WARNING: pipe error: 109: file z:/task_1559931766/build/src/ipc/chromium/src/chrome/common/ipc_channel_win.cc, line 341
[Parent 8768, Gecko_IOThread] WARNING: pipe error: 109: file z:/task_1559931766/build/src/ipc/chromium/src/chrome/common/ipc_channel_win.cc, line 341
[Child 4752, Chrome_ChildThread] WARNING: pipe error: 109: file z:/task_1559931766/build/src/ipc/chromium/src/chrome/common/ipc_channel_win.cc, line 341
[Child 4956, Chrome_ChildThread] WARNING: pipe error: 109: file z:/task_1559931766/build/src/ipc/chromium/src/chrome/common/ipc_channel_win.cc, line 341
[Child 4956, Chrome_ChildThre[Parent 8768, Gecko_IOThread] WARNING: file z:/task_1559931766/build/src/ipc/chromium/src/base/process_util_win.cc, line 160
1560621629358	mozrunner::runner	INFO	Running command: "C:\\Program Files (x86)\\Mozilla Firefox\\firefox.exe" "-marionette" "-foreground" "-no-remote" "-profile" "C:\\Users\\Shuva\\AppData\\Local\\Temp\\rust_mozprofile.ti24PLh5vmOo"
1560621630046	addons.webextension.screenshots@mozilla.org	WARN	Loading extension 'screenshots@mozilla.org': Reading manifest: Invalid extension permission: mozillaAddons
1560621630046	addons.webextension.screenshots@mozilla.org	WARN	Loading extension 'screenshots@mozilla.org': Reading manifest: Invalid extension permission: resource://pdf.js/
1560621630047	addons.webextension.screenshots@mozilla.org	WARN	Loading extension 'screenshots@mozilla.org': Reading manifest: Invalid extension permission: about:reader*
1560621633659	Marionette	INFO	Listening on port 52610
1560621633719	Marionette	WARN	TLS certificate errors will be ignored for this session
1560621639967	Marionette	WARN	TimedPromise timed out after 500 ms: stacktrace:
bail@chrome://marionette/content/sync.js:223:64
JavaScript warning: https://static.licdn.com/sc/h/br/cl81qh35b3zki7seeupaxgwlz, line 7656: unreachable code after return statement
console.error: BroadcastService: 
  receivedBroadcastMessage: handler for
  remote-settings/monitor_changes
  threw error:
  Message: Error: Polling for changes failed: http://%(server)s/dummy/blocklist//buckets/monitor/collections/changes/records?_expected=%221560618350307%22 is not a valid URL..
  Stack:
    remoteSettingsFunction/remoteSettings.pollChanges@resource://services-settings/remote-settings.js:203:13

JavaScript warning: https://static.licdn.com/sc/h/br/cl81qh35b3zki7seeupaxgwlz, line 7656: unreachable code after return statement
JavaScript warning: https://static.licdn.com/sc/h/br/cl81qh35b3zki7seeupaxgwlz, line 7656: unreachable code after return statement
JavaScript warning: https://static.licdn.com/sc/h/br/cl81qh35b3zki7seeupaxgwlz, line 7656: unreachable code after return statement
1560621744757	Marionette	INFO	Stopped listening on port 52610
[Parent 5084, Gecko_IOThread] WARNING: pipe error: 109: file z:/task_1559931766/build/src/ipc/chromium/src/chrome/common/ipc_channel_win.cc, line 341
[Child 8900, Chrome_ChildThread] WARNING: pipe error: 109: file z:/task_1559931766/build/src/ipc/chromium/src/chrome/common/ipc_channel_win.cc, line 341
[Parent 5084, Gecko_IOThread] WARNING: pipe error: 109: file z:/task_1559931766/build/src/ipc/chromium/src/chrome/common/ipc_channel_win.cc, line 341
[Child 9064, Chrome_ChildThread] WARNING: pipe error: 109: file z:/task_1559931766/build/src/ipc/chromium/src/chrome/common/ipc_channel_win.cc, line 341
[Child 9064, Chrome_ChildThread] WARNING: pipe error: 109: file z:/task_1559931[Parent 5084, Gecko_IOThread] WARNING: pipe error: 109: file z:/task_1559931766/build/src/ipc/chromium/src/chrome/common/ipc_channel_win.cc, line 341
[Child 7360, Chrome_ChildThread] WARNING: pipe error: 109: file z:/task_1559931766/build/src/ipc/chromium/src/chrome/common/ipc_channel_win.cc, line 341
[Child 7360, Chrome_ChildThread] WARNING: pipe error: 109: file z:/task_1559931766/build/src/ipc/chromium/src/chrome/common/ipc_channel_win.cc, line 341
1560666424972	mozrunner::runner	INFO	Running command: "C:\\Program Files (x86)\\Mozilla Firefox\\firefox.exe" "-marionette" "-foreground" "-no-remote" "-profile" "C:\\Users\\Shuva\\AppData\\Local\\Temp\\rust_mozprofile.RpWMWowr4D8u"
1560666427102	addons.webextension.screenshots@mozilla.org	WARN	Loading extension 'screenshots@mozilla.org': Reading manifest: Invalid extension permission: mozillaAddons
1560666427102	addons.webextension.screenshots@mozilla.org	WARN	Loading extension 'screenshots@mozilla.org': Reading manifest: Invalid extension permission: resource://pdf.js/
1560666427102	addons.webextension.screenshots@mozilla.org	WARN	Loading extension 'screenshots@mozilla.org': Reading manifest: Invalid extension permission: about:reader*
1560666438686	Marionette	INFO	Listening on port 49491
1560666438698	Marionette	WARN	TLS certificate errors will be ignored for this session
console.error: BroadcastService: 
  receivedBroadcastMessage: handler for
  remote-settings/monitor_changes
  threw error:
  Message: Error: Polling for changes failed: http://%(server)s/dummy/blocklist//buckets/monitor/collections/changes/records?_expected=%221560618350307%22 is not a valid URL..
  Stack:
    remoteSettingsFunction/remoteSettings.pollChanges@resource://services-settings/remote-settings.js:203:13

[Child 5964, Chrome_ChildThread] WARNING: pipe error: 232: file z:/task_1559931766/build/src/ipc/chromium/src/chrome/common/ipc_channel_win.cc, line 502
[Child 5964, Chrome_ChildThread] WARNING: pipe error: 109: file z:/task_1559931766/build/src/ipc/chromium/src/chrome/common/ipc_channel_win.cc, line 341
[Child 5964, Chrome_ChildThread] WARNING: pipe error: 109: file z:/task_1559931766/build/src/ipc/chromium/src/chrome/common
###!!! [Child][MessageChannel] Error: (msgtype=0x530005,name=PHttpChannel::Msg_Cancel) Closed channel: cannot send/recv

/ipc_channel_win.cc, line 341
[Child 5688, Chrome_ChildThread] WARNING: pipe error: 109: file z:/task_1559931766/build/src/ipc/chromium/src/chrome/common/ipc_channel_win.cc, line 341
[Child 3104, Chrome_ChildThread] WARNING: pipe error: 109: file z:/task_1559931766/build/src/ipc/chromium/src/chrome/common/ipc_channel_win.cc, line 341
[Child 3104, Chrome_ChildThread] WARNING: pipe error: 109: file z:/task_15599[Parent 5884, Gecko_IOThread] WARNING: file z:/task_1559931766/build/src/ipc/chromium/src/base/process_util_win.cc, line 160
1560667366744	Marionette	INFO	Stopped listening on port 49491
ror: 109: file z:/task_1559931766/build/src/ipc/chromium/src/chrome/common/ipc_channel_win.cc, line 341
1560667370064	Marionette	WARN	TimedPromise timed out after 500 ms: stacktrace:
bail@chrome://marionette/content/sync.js:223:64
JavaScript warning: https://static.licdn.com/sc/h/br/cl81qh35b3zki7seeupaxgwlz, line 7656: unreachable code after return statement
console.error: BroadcastService: 
  receivedBroadcastMessage: handler for
  remote-settings/monitor_changes
  threw error:
  Message: Error: Polling for changes failed: http://%(server)s/dummy/blocklist//buckets/monitor/collections/changes/records?_expected=%221560618350307%22 is not a valid URL..
  Stack:
    remoteSettingsFunction/remoteSettings.pollChanges@resource://services-settings/remote-settings.js:203:13

JavaScript warning: https://static.licdn.com/sc/h/br/cl81qh35b3zki7seeupaxgwlz, line 7656: unreachable code after return statement
JavaScript warning: https://static.licdn.com/sc/h/br/cl81qh35b3zki7seeupaxgwlz, line 7656: unreachable code after return statement
[Parent 6252, Gecko_IOThread] WARNING: pipe error: 109: file z:/task_1559931766/build/src/ipc/chromium/src/chrome/common/ipc_channel_win.cc, line 341
[Parent 6252, Gecko_IOThread] WARNING: pipe error: 109: file z:/task_1559931766/build/src/ipc/chromium/src/chrome/common/ipc_channel_win.cc, line 341
[Child 6244, Chrome_ChildThread] WARNING: pipe error: 109: file z:/task_1559931766/build/src/ipc/chromium/src/chrome/common/ipc_channel_win.cc, line 341
[Child 6244, Chrome_ChildThread] WARNING: pipe error: 109: file z:/task_1559931766/build/src/ipc/chromium/src/chrome/common/ipc_channel_win.cc, line 341
1560667695802	Marionette	INFO	Stopped listening on port 49727
1560667716181	mozrunner::runner	INFO	Running command: "C:\\Program Files (x86)\\Mozilla Firefox\\firefox.exe" "-marionette" "-foreground" "-no-remote" "-profile" "C:\\Users\\Shuva\\AppData\\Local\\Temp\\rust_mozprofile.TQADbVQ2rrAr"
1560667718099	addons.webextension.screenshots@mozilla.org	WARN	Loading extension 'screenshots@mozilla.org': Reading manifest: Invalid extension permission: mozillaAddons
1560667718100	addons.webextension.screenshots@mozilla.org	WARN	Loading extension 'screenshots@mozilla.org': Reading manifest: Invalid extension permission: resource://pdf.js/
1560667718100	addons.webextension.screenshots@mozilla.org	WARN	Loading extension 'screenshots@mozilla.org': Reading manifest: Invalid extension permission: about:reader*
1560667721868	Marionette	INFO	Listening on port 49897
1560667722216	Marionette	WARN	TLS certificate errors will be ignored for this session
[Parent 1460, Gecko_IOThread] WARNING: pipe error: 109: file z:/task_1559931766/build/src/ipc/chromium/src/chrome/common/ipc_channel_win.cc, line 341
1560667729198	Marionette	WARN	TimedPromise timed out after 500 ms: stacktrace:
bail@chrome://marionette/content/sync.js:223:64
JavaScript warning: https://static.licdn.com/sc/h/br/cl81qh35b3zki7seeupaxgwlz, line 7656: unreachable code after return statement
console.error: BroadcastService: 
  receivedBroadcastMessage: handler for
  remote-settings/monitor_changes
  threw error:
  Message: Error: Polling for changes failed: http://%(server)s/dummy/blocklist//buckets/monitor/collections/changes/records?_expected=%221560618350307%22 is not a valid URL..
  Stack:
    remoteSettingsFunction/remoteSettings.pollChanges@resource://services-settings/remote-settings.js:203:13

JavaScript warning: https://static.licdn.com/sc/h/br/cl81qh35b3zki7seeupaxgwlz, line 7656: unreachable code after return statement
[Parent 1460, Gecko_IOThread] WARNING: pipe error: 109: file z:/task_1559931766/build/src/ipc/chromium/src/chrome/common/ipc_channel_win.cc, line 341
[Child 6588, Chrome_ChildThread] WARNING: pipe error: 109: file z:/task_1559931766/build/src/ipc/chromium/src/chrome/common/ipc_channel_win.cc, line 341
[Child 6588, Chrome_ChildThread][Child 5444, Chrome_ChildThread] WARNING: pipe error: 109: file z:/task_1559931766/build/src/ipc/chromium/src/chrome/common/ipc_channel_win.cc, line 341
[Child 5444, Chrome_ChildThread] WARNING: pipe error: 109: file z:/task_1559931766/build/src/ipc/chromium/src/chrome/common/ipc_channel_win.cc, line 341

###!!! [Child][MessageChannel] Error: (msgtype=0x530005,name=PHttpChannel::Msg_Cancel) Closed channel: c1560667809605	Marionette	INFO	Listening on port 50027
1560667809683	Marionette	WARN	TLS certificate errors will be ignored for this session
[Parent 6780, Gecko_IOThread] WARNING: file z:/task_1559931766/build/src/ipc/chromium/src/base/process_util_win.cc, line 160
[Child 1428, Chrome_ChildThread] WARNING: pipe error: 109: file z:/task_1559931766/build/src/ipc/chromium/src/chrome/common/ipc_channel_win.cc, line 341
[Child 1428, Chrome_ChildThread] W[Parent 6780, Gecko_IOThread] WARNING: file z:/task_1559931766/build/src/ipc/chromium/src/base/process_util_win.cc, line 160
1560667907815	Marionette	INFO	Stopped listening on port 50027
ground" "-no-remote" "-profile" "C:\\Users\\Shuva\\AppData\\Local\\Temp\\rust_mozprofile.esjQfB0pmWTC"
1560667907561	addons.webextension.screenshots@mozilla.org	WARN	Loading extension 'screenshots@mozilla.org': Reading manifest: Invalid extension permission: mozillaAddons
1560667907561	addons.webextension.screenshots@mozilla.org	WARN	Loading extension 'screenshots@mozilla.org': Reading manifest: Invalid extension permission: resource://pdf.js/
1560667907562	addons.webextension.screenshots@mozilla.org	WARN	Loading extension 'screenshots@mozilla.org': Reading manifest: Invalid extension permission: about:reader*
1560667910855	Marionette	INFO	Listening on port 50119
1560667910874	Marionette	WARN	TLS certificate errors will be ignored for this session
[Parent 5896, Gecko_IOThread] WARNING: pipe error: 109: file z:/task_1559931766/build/src/ipc/chromium/src/chrome/common/ipc_channel_win.cc, line 341
[Child 4520, Chrome_ChildThread] WARNING: pipe error: 109: file z:/task_1559931766/build/src/ipc/chromium/src/chrome/common/ipc_channel_win.cc, line 341
[Child 4688, Chrome_ChildThread] WARNING: pipe error: 109: file z:/task_1559931766/build/src/ipc/chromium/src/chrome/common/ipc_channel_win.cc, line 341
[Child 4688, Chrome_ChildThread] WARNING: pipe error: 109: file z:/task_1559931766/build/src/ipc/chromium/src/chrome/common/ipc_channel_win.cc, line 341

###!!! [Child][MessageChannel] Error: (msgtype=0x530005,name=PHttpChannel::Msg_Cancel) Closed channel: cannot send/recv

[Parent 5896, Gecko_IOThread] WARNING: pipe error: 109: file z:/task_1559931766/build/src/ipc/chromium/src/chrome/common/ipc_channel_win.cc, line 341
[Child 5836, Chrome_ChildThread] WARNING: pipe error: 109: file z:/task_1559931766/build/src/ipc/chromium/src/chrome/common/ipc_channel_win.cc, line 341
[Child 5836, Chrome_[Parent 5896, Gecko_IOThread] WARNING: file z:/task_1559931766/build/src/ipc/chromium/src/base/process_util_win.cc, line 160
1560668201922	Marionette	INFO	Stopped listening on port 50119
1560668220657	mozrunner::runner	INFO	Running command: "C:\\Program Files (x86)\\Mozilla Firefox\\firefox.exe" "-marionette" "-foreground" "-no-remote" "-profile" "C:\\Users\\Shuva\\AppData\\Local\\Temp\\rust_mozprofile.9s2eyZjhBLED"
1560668221410	addons.webextension.screenshots@mozilla.org	WARN	Loading extension 'screenshots@mozilla.org': Reading manifest: Invalid extension permission: mozillaAddons
1560668221410	addons.webextension.screenshots@mozilla.org	WARN	Loading extension 'screenshots@mozilla.org': Reading manifest: Invalid extension permission: resource://pdf.js/
1560668221410	addons.webextension.screenshots@mozilla.org	WARN	Loading extension 'screenshots@mozilla.org': Reading manifest: Invalid extension permission: about:reader*
1560668224771	Marionette	INFO	Listening on port 50214
1560668224994	Marionette	WARN	TLS certificate errors will be ignored for this session
1560668230092	Marionette	WARN	TimedPromise timed out after 500 ms: stacktrace:
bail@chrome://marionette/content/sync.js:223:64
[Parent 6208, Gecko_IOThread] WARNING: pipe error: 109: file z:/task_1559931766/build/src/ipc/chromium/src/chrome/common/ipc_channel_win.cc, line 341
[Child 5816, Chrome_ChildThread] WARNING: pipe error:
###!!! [Child][MessageChannel] Error: (msgtype=0x530005,name=PHttpChannel::Msg_Cancel) Closed channel: cannot send/recv

 109: file z:/task_1559931766/build/src/ipc[Child 4496, Chrome_ChildThread] WARNING: pipe error: 109: file z:/task_1559931766/build/src/ipc/chromium/src/chrome/common/ipc_channel_win.cc, line 341
[Parent 6208, Gecko_IOThread] WARNING: pipe error: 109: file z:/task_1559931766/build/src/ipc/chromium/src/chrome/common/ipc_channel_win.cc, line 341
1560668387245	Marionette	INFO	Stopped listening on port 50214
1560668404498	mozrunner::runner	INFO	Running command: "C:\\Program Files (x86)\\Mozilla Firefox\\firefox.exe" "-marionette" "-foreground" "-no-remote" "-profile" "C:\\Users\\Shuva\\AppData\\Local\\Temp\\rust_mozprofile.Eiut4rc50BUW"
1560668405073	addons.webextension.screenshots@mozilla.org	WARN	Loading extension 'screenshots@mozilla.org': Reading manifest: Invalid extension permission: mozillaAddons
1560668405074	addons.webextension.screenshots@mozilla.org	WARN	Loading extension 'screenshots@mozilla.org': Reading manifest: Invalid extension permission: resource://pdf.js/
1560668405074	addons.webextension.screenshots@mozilla.org	WARN	Loading extension 'screenshots@mozilla.org': Reading manifest: Invalid extension permission: about:reader*
1560668408494	Marionette	INFO	Listening on port 50314
1560668408817	Marionette	WARN	TLS certificate errors will be ignored for this session
1560668414397	Marionette	WARN	TimedPromise timed out after 500 ms: stacktrace:
bail@chrome://marionette/content/sync.js:223:64
console.error: BroadcastService: 
  receivedBroadcastMessage: handler for
  remote-settings/monitor_changes
  threw error:
  Message: Error: Polling for changes failed: http://%(server)s/dummy/blocklist//buckets/monitor/collections/changes/records?_expected=%221560618350307%22 is not a valid URL..
  Stack:
    remoteSettingsFunction/remoteSettings.pollChanges@resource://services-settings/remote-settings.js:203:13

[Child 6124, Chrome_ChildThread] WARNING: pipe error: 109: file z:/task_1559931766/build/src/ipc/chromium/src/chrome/common/ipc_channel_win.cc, line 341
[Child 6124, Chrome_ChildThread] WARNING: pipe error: 109: file z:/task_1559931766/build/src/ipc/chromium/src/chrome/common/ipc_channel_win.cc, line 341
[Parent 2040, Gecko_IOThread] WARNING: pipe error: 109: file z:/task_1559931766/build/src/ipc/chromium/src/chrome/common/ipc_channel_win.cc, line 341

###!!! [Child][MessageChannel] Error: (msgtype=0x530005,name=PHttpChannel::Msg_Cancel) Closed channel: cannot send/recv

[Child 2612, Chrome_ChildThread] WARNING: pipe error: 109: file z:/task_1559931766/build/src/ipc/chromium/src/chrome/common/ipc_channel_win.cc, line 341
[Child 2612, Chrome_ChildThread] WARNING: pipe error: 109: file z:/task_1559931766/build/src/ipc/chromium/src/chrome/common/ipc_channel_win.cc, line 341
[Parent 2040, Gecko_IOThread] WARNING: file z:/task_1559931766/build/src/ipc/chromium/src/base/process_util_win.cc, line 160
1560668437555	Marionette	INFO	Stopped listening on port 50314
1560668523530	mozrunner::runner	INFO	Running command: "C:\\Program Files (x86)\\Mozilla Firefox\\firefox.exe" "-marionette" "-foreground" "-no-remote" "-profile" "C:\\Users\\Shuva\\AppData\\Local\\Temp\\rust_mozprofile.jbuUZHqTNpvh"
1560668524151	addons.webextension.screenshots@mozilla.org	WARN	Loading extension 'screenshots@mozilla.org': Reading manifest: Invalid extension permission: mozillaAddons
1560668524151	addons.webextension.screenshots@mozilla.org	WARN	Loading extension 'screenshots@mozilla.org': Reading manifest: Invalid extension permission: resource://pdf.js/
1560668524151	addons.webextension.screenshots@mozilla.org	WARN	Loading extension 'screenshots@mozilla.org': Reading manifest: Invalid extension permission: about:reader*
1560668527702	Marionette	INFO	Listening on port 50405
1560668527900	Marionette	WARN	TLS certificate errors will be ignored for this session
1560668533008	Marionette	WARN	TimedPromise timed out after 500 ms: stacktrace:
bail@chrome://marionette/content/sync.js:223:64
JavaScript warning: https://static.licdn.com/sc/h/br/cl81qh35b3zki7seeupaxgwlz, line 7656: unreachable code after return statement
JavaScript warning: https://static.licdn.com/sc/h/br/cl81qh35b3zki7seeupaxgwlz, line 7656: unreachable code after return statement
JavaScript warning: https://static.licdn.com/sc/h/br/cl81qh35b3zki7seeupaxgwlz, line 7656: unreachable code after return statement
JavaScript error: resource://gre/modules/WebProgressChild.jsm, line 61: TypeError: this.mm.content is null
[Child 3888, Chrome_ChildThread] WARNING: pipe error: 232: file z:/task_1559931766/build/src/ipc/chromium/src/chrome/common/ipc_channel_win.cc, line 502
[Child 3888, Chrome_ChildThread] WARNING: pipe error: 109: file z:/task_1559931766/build/src/ipc/chromium/src/chrome/common/ipc_channel_win.cc, line 341
[Child 6076, Chrome_ChildThread] WARNING: pipe error: 109: file z:/task_1559931766/build/src/ipc/chromium/src/chrome/common/ipc_channel_win.cc, line 341
[Child 6076, Chrome_ChildThread] WAR[Parent 5592, Gecko_IOThread] WARNING: file z:/task_1559931766/build/src/ipc/chromium/src/base/process_util_win.cc, line 160
*** UTM:SVC TimerManager:registerTimer called after profile-before-change notification. Ignoring timer registration for id: telemetry_modules_ping
1560668585370	Marionette	INFO	Stopped listening on port 50405
1560668807080	mozrunner::runner	INFO	Running command: "C:\\Program Files (x86)\\Mozilla Firefox\\firefox.exe" "-marionette" "-foreground" "-no-remote" "-profile" "C:\\Users\\Shuva\\AppData\\Local\\Temp\\rust_mozprofile.3UpN6nfw7D7W"
1560668807668	addons.webextension.screenshots@mozilla.org	WARN	Loading extension 'screenshots@mozilla.org': Reading manifest: Invalid extension permission: mozillaAddons
1560668807669	addons.webextension.screenshots@mozilla.org	WARN	Loading extension 'screenshots@mozilla.org': Reading manifest: Invalid extension permission: resource://pdf.js/
1560668807669	addons.webextension.screenshots@mozilla.org	WARN	Loading extension 'screenshots@mozilla.org': Reading manifest: Invalid extension permission: about:reader*
1560668811672	Marionette	INFO	Listening on port 50523
1560668812152	Marionette	WARN	TLS certificate errors will be ignored for this session
1560668817556	Marionette	WARN	TimedPromise timed out after 500 ms: stacktrace:
bail@chrome://marionette/content/sync.js:223:64
JavaScript warning: https://static.licdn.com/sc/h/br/cl81qh35b3zki7seeupaxgwlz, line 7656: unreachable code after return statement
JavaScript warning: https://static.licdn.com/sc/h/br/cl81qh35b3zki7seeupaxgwlz, line 7656: unreachable code after return statement
console.error: BroadcastService: 
  receivedBroadcastMessage: handler for
  remote-settings/monitor_changes
  threw error:
  Message: Error: Polling for changes failed: http://%(server)s/dummy/blocklist//buckets/monitor/collections/changes/records?_expected=%221560618350307%22 is not a valid URL..
  Stack:
    remoteSettingsFunction/remoteSettings.pollChanges@resource://services-settings/remote-settings.js:203:13

JavaScript warning: https://static.licdn.com/sc/h/br/cl81qh35b3zki7seeupaxgwlz, line 7656: unreachable code after return statement
[Parent 5496, Gecko_IOThread] WARNING: pipe error: 109: file z:/task_1559931766/build/src/ipc/chromium/src/chrome/common/ipc_channel_win.cc, line 341
[Child 5080, Chrome_ChildThread] WARNING: pipe error: 109: file z:/task_1559931766/build/src/ipc/chromium/src/chrome/common/ipc_channel_win.cc, line 341
[Child 5080, Chrome_ChildTh[Child 6168, Chrome_ChildThread] WARNING: pipe error: 109: file z:/task_1559931766/build/src/ipc/chromium/src/chrome/common/ipc_channel_win.cc, line 341
[Child 6168, Chrome_ChildThread] WARNING: pipe error: 109: file z:/task_1559931766/build/src/ipc/chromium/src/chrome/common/ipc_channel_win.cc, line 341

###!!! [Child][MessageChannel] Error: (msgtype=0x530005,name=PHttpChannel::Msg_Cancel) Closed channel: cannot send/recv


###!!! [Child][MessageChannel] Error: (msgtype=0x530005,name=PHttpChannel::Msg_Cancel) Closed channel: cannot send/recv

[Parent 5496, Gecko_IOThread] WARNING: file z:/task_1559931766/build/src/ipc/chromium/src/base/process_util_win.cc, line 160
1560668863192	Marionette	INFO	Stopped listening on port 50523
1560668907057	mozrunner::runner	INFO	Running command: "C:\\Program Files (x86)\\Mozilla Firefox\\firefox.exe" "-marionette" "-foreground" "-no-remote" "-profile" "C:\\Users\\Shuva\\AppData\\Local\\Temp\\rust_mozprofile.9o9YX7uXbpSV"
1560668907641	addons.webextension.screenshots@mozilla.org	WARN	Loading extension 'screenshots@mozilla.org': Reading manifest: Invalid extension permission: mozillaAddons
1560668907641	addons.webextension.screenshots@mozilla.org	WARN	Loading extension 'screenshots@mozilla.org': Reading manifest: Invalid extension permission: resource://pdf.js/
1560668907642	addons.webextension.screenshots@mozilla.org	WARN	Loading extension 'screenshots@mozilla.org': Reading manifest: Invalid extension permission: about:reader*
1560668911117	Marionette	INFO	Listening on port 50636
1560668911378	Marionette	WARN	TLS certificate errors will be ignored for this session
[Child 5168, Chrome_ChildThread] WARNING: pipe error: 109: file z:/task_1559931766/build/src/ipc/chromium/src/chrome/common/ipc_channel_win.cc, line 341
[Child 5168, Chrome_ChildThread] WARNING: pipe error: 109: file z:/task_1559931766/build/src/ipc/chromium/src/chrome/common/ipc_channel_win.cc, line 341
[Child 4756, Chrome_ChildThread] WARNING: pipe error: 109: file z:/task_1559931766/build/src/ipc/chromium/src/chrome/common/ipc_channel_win.cc, line 341
[Child 4756, Chrome_ChildThread] WARNING: pipe error: 232: file z:/task_1559931766/build/src/ipc/chromium/src/chrome/common/ipc_channel_win.cc, line 502
[Child 4756, Chrome_ChildThread] WARNING: pipe error: 109: file z:/task_1559931766/build/src/ipc/chromium/src/chrome/common/ipc_channel_win.cc, line 341

###!!! [Child][MessageChannel] Error: (msgtype=0x530005,name=PHttpChannel::Msg_Cancel) Closed channel: cannot send/recv

[Parent 5820, Gecko_IOThread] WARNING: pipe error: 109: file z:/task_1559931766/build/src/ipc/chromium/src/chrome/common/ipc_channel_win.cc, line 341
[Child 5644, Chrome_ChildThread] WARNING: pipe error: 109: fi1560668921123	Marionette	INFO	Stopped listening on port 50636
1560668950277	mozrunner::runner	INFO	Running command: "C:\\Program Files (x86)\\Mozilla Firefox\\firefox.exe" "-marionette" "-foreground" "-no-remote" "-profile" "C:\\Users\\Shuva\\AppData\\Local\\Temp\\rust_mozprofile.TZOQv3lkwlYO"
1560668950858	addons.webextension.screenshots@mozilla.org	WARN	Loading extension 'screenshots@mozilla.org': Reading manifest: Invalid extension permission: mozillaAddons
1560668950859	addons.webextension.screenshots@mozilla.org	WARN	Loading extension 'screenshots@mozilla.org': Reading manifest: Invalid extension permission: resource://pdf.js/
1560668950859	addons.webextension.screenshots@mozilla.org	WARN	Loading extension 'screenshots@mozilla.org': Reading manifest: Invalid extension permission: about:reader*
1560668954131	Marionette	INFO	Listening on port 50717
1560668954612	Marionette	WARN	TLS certificate errors will be ignored for this session
[Parent 6648, Gecko_IOThread] WARNING: pipe error: 109: file z:/task_1559931766/build/src/ipc/chromium/src/chrome/common/ipc_channel_win.cc, line 341
[Parent 6648, Gecko_IOThread] WARNING: pipe error: 109: file z:/task_1559931766/build/src/ipc/chromium/src/chrome/common/ipc_channel_win.cc, line 341
JavaScript error: resource://gre/modules/WebProgressChild.jsm, line 61: TypeError: this.mm.content is null

###!!! [Child][MessageChannel] Error: (msgtype=0x530005,name=PHttpChannel::Msg_Cancel) Closed channel: cannot send/recv

[Child 4724, Chrome_ChildThread] WARNING: pipe error: 109: file z:/task_1559931766/build/src/ipc/chromium/src/chrome/common/ipc_channel_win.cc, line 341
[Child 4724, Chrome_ChildThread] WARNING: pipe error: 109: file z:/task_1559931766/build/src/ipc/chromium/src/chrome/common/ipc_channel_win.cc, line 341
1560668961549	Marionette	INFO	Stopped listening on port 50717
1560669094045	mozrunner::runner	INFO	Running command: "C:\\Program Files (x86)\\Mozilla Firefox\\firefox.exe" "-marionette" "-foreground" "-no-remote" "-profile" "C:\\Users\\Shuva\\AppData\\Local\\Temp\\rust_mozprofile.KJnPkhQ8zOQR"
1560669094626	addons.webextension.screenshots@mozilla.org	WARN	Loading extension 'screenshots@mozilla.org': Reading manifest: Invalid extension permission: mozillaAddons
1560669094627	addons.webextension.screenshots@mozilla.org	WARN	Loading extension 'screenshots@mozilla.org': Reading manifest: Invalid extension permission: resource://pdf.js/
1560669094627	addons.webextension.screenshots@mozilla.org	WARN	Loading extension 'screenshots@mozilla.org': Reading manifest: Invalid extension permission: about:reader*
1560669097700	Marionette	INFO	Listening on port 50806
1560669097931	Marionette	WARN	TLS certificate errors will be ignored for this session
1560669103570	Marionette	WARN	TimedPromise timed out after 500 ms: stacktrace:
bail@chrome://marionette/content/sync.js:223:64
console.error: BroadcastService: 
  receivedBroadcastMessage: handler for
  remote-settings/monitor_changes
  threw error:
  Message: Error: Polling for changes failed: http://%(server)s/dummy/blocklist//buckets/monitor/collections/changes/records?_expected=%221560618350307%22 is not a valid URL..
  Stack:
    remoteSettingsFunction/remoteSettings.pollChanges@resource://services-settings/remote-settings.js:203:13

[Parent 6388, Gecko_IOThread] WARNING: pipe error: 109: file z:/task_1559931766/build/src/ipc/chromium/src/chrome/common/ipc_channel_win.cc, line 341
[Parent 6388, Gecko_IOThread] WARNING: pipe error: 109: file z:/task_1559931766/build/src/ipc/chromium/src/chrome/common/ipc_channel_win.cc, line 341
[Child 5692, Chrome_ChildThread] WARNING: pipe error: 109: file z:/task_1559931766/build/src/ipc/chromium/src/chrome/common/ipc_channel_win.cc, line 341
[Child 5692, Chrome_ChildThread] WARNING: pipe error: 109: file z:[Child 5380, Chrome_ChildThread] WARNING: pipe error: 109: file z:/task_1559931766/build/src/ipc/chromium/src/chrome/common/ipc_channel_win.cc, line 341

###!!! [Child][MessageChannel] Error: (msgtype=0x530005,name=PHttpChannel1560669248190	Marionette	INFO	Listening on port 50902
1560669248466	Marionette	WARN	TLS certificate errors will be ignored for this session
1560669252876	Marionette	WARN	TimedPromise timed out after 500 ms: stacktrace:
bail@chrome://marionette/content/sync.js:223:64
console.warn: "Error while detaching the thread front: 'detach' request packet to 'server1.conn0.child1/context19' can't be sent as the connection is closed."
[Parent 6404, Gecko_IOThread] WARNING: pipe error: 109: file z:/task_1559931766/build/src/ipc/chromium/src/chrome/common/ipc_channel_win.cc, line 341
[Child 6652, Chrom
###!!! [Child][MessageChannel] Error: (msgtype=0x530005,name=PHttpChannel::Msg_Cancel) Closed channel: cannot send/recv

e_ChildThread] WARNING: pipe error: 109: fi[Child 5580, Chrome_ChildThread] WARNING: pipe error: 109: file z:/task_1559931766/build/src/ipc/chromium/src/chrome/common/ipc_channel_win.cc, line 341
[Child 5580, Chrome_ChildThread] WARNING: pipe er[Parent 6404, Gecko_IOThread] WARNING: pipe error: 109: file z:/task_1559931766/build/src/ipc/chromium/src/chrome/common/ipc_channel_win.cc, line 341
[Child 5128, Chrome_ChildThread] WARNING: pipe error: 109: file z:/task_1559931766/build/src/ipc/chromium/src/chrome/common/ipc_channel_win.cc, line 341
[Child 5128, Chrome_ChildThread] WARNING: pipe1560669324997	Marionette	INFO	Stopped listening on port 50902
1560698802317	mozrunner::runner	INFO	Running command: "C:\\Program Files (x86)\\Mozilla Firefox\\firefox.exe" "-marionette" "-foreground" "-no-remote" "-profile" "C:\\Users\\Shuva\\AppData\\Local\\Temp\\rust_mozprofile.lrwYpBUICQNy"
1560698804772	addons.webextension.screenshots@mozilla.org	WARN	Loading extension 'screenshots@mozilla.org': Reading manifest: Invalid extension permission: mozillaAddons
1560698804772	addons.webextension.screenshots@mozilla.org	WARN	Loading extension 'screenshots@mozilla.org': Reading manifest: Invalid extension permission: resource://pdf.js/
1560698804772	addons.webextension.screenshots@mozilla.org	WARN	Loading extension 'screenshots@mozilla.org': Reading manifest: Invalid extension permission: about:reader*
1560698811309	Marionette	INFO	Listening on port 50237
1560698811690	Marionette	WARN	TLS certificate errors will be ignored for this session
1560698820734	Marionette	WARN	TimedPromise timed out after 500 ms: stacktrace:
bail@chrome://marionette/content/sync.js:223:64
[Parent 3008, Gecko_IOThread] WARNING: pipe error: 109: file z:/task_1559931766/build/src/ipc/chromium/src/chrome/common/ipc_channel_win.cc, line 341
[Parent 3008, Gecko_IOThread] WARNING: pipe error: 109: file z:/task_1559931766/build/src/ipc/chromium/src/chrome/common/ipc_channel_win.cc, line 341
[Parent 3008, Gecko_IOThread] WARNING: pipe error: 109: file z:/task_1559931766/build/src/ipc/chromium/src/chrome/common/ipc_channel_win.cc, line 341
[Child 5376, Chrome_ChildThread] WARNING: pipe error: 109: file z:/task_1559931766/build/src/ipc/chromium/src/chrome/common/ipc_channel_win.cc, line 341
[Child 5376, Chrome_ChildThread] WARNING: pipe error: 109: file z:/task_1559931766/build/src/ipc/chromium/src/chrome/common/ipc_channel_win.cc, line 341
[Child 5604, Chrome_ChildThread] WARNING: pipe error: 109: file z:/task_1559931766/build/src/ipc/chromium/src/chrome/common/ipc_channel_win.cc, line 341
[Child 5604, Chrome_ChildThread] WARNING: pipe error: 109: file z:/task_1[Child5 56989536, C1h7r6o6m/eb_uCihlidl/dsTrhcr/eiapdc]/ cWhArRoNmIiNuGm:/ spricp/ec herrormoer/:c o1m0m9o:n /fiilep cz_:c/htaansnke_l1_5w5i9n9.3c1c7,6 6l/ibnuei l3d4/1s
rc/ipc/chromium/src/chrome/common/ipc_channel_win.cc, line 341
[Child 6568, Chrome_ChildThread] WARNING: pipe error: 109: file z:/task_1559931766/build/src/ipc/chromium/src/chrome/common/ipc_channel_win.cc, line 341
[Child 6568, Chrome_ChildThread] WARNING: pipe error: 109: file z:/task_1559931766/build/src/ipc/chromium/src/chrome/common/ipc_channel_win.cc, line 341
[Child 6832, Chrome_ChildThread] WARNING: pipe error: 109: file z:/task_1559931766/build/src/ipc/chromium/src/chrome/common/ipc_channel_win.cc, line 341
[Parent 3008, Gecko_IOThread] WARNING: pipe error: 109: file z:/task_1559931766/build/src/ipc/chromium/src/chrome/common/ipc_channel_win.cc, line 341
[Child 6968, Chrome_ChildThread] WARNING: pipe error: 109: file z:/task_1559931766/build/src/ipc/chromium/src/chrome/common/ipc_channel_win.cc, line 341
[Child 6968, Chrome_ChildThread] WARNING: pipe error: 109: file z:/task_1559931766/build/src/ipc/chromium/src/chrome/commo[Child 7316, Chrome_ChildThread] WARNING: pipe error: 109: file z:/task_1559931766/build/src/ipc/chromium/src/chrome/common/ipc_channel_win.cc, line 341
[Child 7316, Chrome_ChildThread] WARNING: pipe error: 109: file z:/task_1559931766/build/src/ipc/chromium/src/chrome/common/ipc_channel_win.cc, line 341

###!!! [Child][MessageChannel] Error: (msgtype=0x530005,name=PHttpChannel::Msg_Cancel) Closed channel: cannot send/recv

1560699016893	Marionette	INFO	Stopped listening on port 50237
1560744788851	mozrunner::runner	INFO	Running command: "C:\\Program Files (x86)\\Mozilla Firefox\\firefox.exe" "-marionette" "-foreground" "-no-remote" "-profile" "C:\\Users\\Shuva\\AppData\\Local\\Temp\\rust_mozprofile.p699hYmpZFeh"
1560744795177	addons.webextension.screenshots@mozilla.org	WARN	Loading extension 'screenshots@mozilla.org': Reading manifest: Invalid extension permission: mozillaAddons
1560744795178	addons.webextension.screenshots@mozilla.org	WARN	Loading extension 'screenshots@mozilla.org': Reading manifest: Invalid extension permission: resource://pdf.js/
1560744795178	addons.webextension.screenshots@mozilla.org	WARN	Loading extension 'screenshots@mozilla.org': Reading manifest: Invalid extension permission: about:reader*
[Child 3736, Chrome_ChildThread] WARNING: pipe error: 109: file z:/task_1559931766/build/src/ipc/chromium/src/chrome/common/ipc_channel_win.cc, line 341
[Child 3736, Chrome_ChildThread] WARNING: pipe error: 109: file z:/task_1559931766/build/src/ipc/chromium/src/chrome/common/ipc_channel_win.cc, line 341
[Parent 5668, Gecko_IOThread] WARNING: file z:/task_1559931766/build/src/ipc/chromium/src/base/process_util_win.cc, line 160
1560744822169	Marionette	INFO	Listening on port 49743
1560744822416	Marionette	WARN	TLS certificate errors will be ignored for this session
JavaScript error: resource://gre/modules/WebProgressChild.jsm, line 61: TypeError: this.mm.content is null
[Parent 5668, Gecko_IOThread] WARNING: pipe error: 109: file z:/task_1559931766/build/src/ipc/chromium/src/chrome/common/ipc_channel_win.cc, line 341
[Child 1220, Chrome_ChildThread] WARNING: pipe error: 109: file z:/task_1559931766/build/src/ipc/chromium/src/chrome/common/ipc_channel_win.cc, line 341
[Child 424, Chrome_ChildThread] WARNING: pipe error: 109: file z:/task_1559931766/build/src/ipc/chromium/src/chrome/common/ipc_channel_win.cc, line 341
[Child 424, Chrome_ChildThread] WA1560744840920	Marionette	INFO	Stopped listening on port 49743
1560747587389	mozrunner::runner	INFO	Running command: "C:\\Program Files (x86)\\Mozilla Firefox\\firefox.exe" "-marionette" "-foreground" "-no-remote" "-profile" "C:\\Users\\Shuva\\AppData\\Local\\Temp\\rust_mozprofile.yf4WGVjeUXWF"
1560747590185	addons.webextension.screenshots@mozilla.org	WARN	Loading extension 'screenshots@mozilla.org': Reading manifest: Invalid extension permission: mozillaAddons
1560747590186	addons.webextension.screenshots@mozilla.org	WARN	Loading extension 'screenshots@mozilla.org': Reading manifest: Invalid extension permission: resource://pdf.js/
1560747590186	addons.webextension.screenshots@mozilla.org	WARN	Loading extension 'screenshots@mozilla.org': Reading manifest: Invalid extension permission: about:reader*
1560747596479	Marionette	INFO	Listening on port 50179
1560747596863	Marionette	WARN	TLS certificate errors will be ignored for this session
1560747608137	Marionette	INFO	Stopped listening on port 50179
[Child 4600, Chrome_ChildThread] WARNING: pipe error: 109: file z:/task_1559931766/build/src/ipc/chromium/src/chrome/common/ipc_channel_win.cc, line 341
[Child 4600, Chrome_ChildThread] WARNING: pipe error: [Parent 6996, Gecko_IOThread] WARNING: pipe error: 109: file z:/task_1559931766/build/src/ipc/chromium/src/chrome/common/ipc_channel_win.cc, line 341
[Child 5432, Chrome_Child[Parent 6996, Gecko_IOThread] WARNING: file z:/task_1559931766/build/src/ipc/chromium/src/base/process_util_win.cc, line 160
1560747689998	mozrunner::runner	INFO	Running command: "C:\\Program Files (x86)\\Mozilla Firefox\\firefox.exe" "-marionette" "-foreground" "-no-remote" "-profile" "C:\\Users\\Shuva\\AppData\\Local\\Temp\\rust_mozprofile.uATNw7sQMZmq"
1560747691452	addons.webextension.screenshots@mozilla.org	WARN	Loading extension 'screenshots@mozilla.org': Reading manifest: Invalid extension permission: mozillaAddons
1560747691453	addons.webextension.screenshots@mozilla.org	WARN	Loading extension 'screenshots@mozilla.org': Reading manifest: Invalid extension permission: resource://pdf.js/
1560747691453	addons.webextension.screenshots@mozilla.org	WARN	Loading extension 'screenshots@mozilla.org': Reading manifest: Invalid extension permission: about:reader*
1560747694872	Marionette	INFO	Listening on port 50256
1560747694917	Marionette	WARN	TLS certificate errors will be ignored for this session
console.error: BroadcastService: 
  receivedBroadcastMessage: handler for
  remote-settings/monitor_changes
  threw error:
  Message: Error: Polling for changes failed: http://%(server)s/dummy/blocklist//buckets/monitor/collections/changes/records?_expected=%221560618350307%22 is not a valid URL..
  Stack:
    remoteSettingsFunction/remoteSettings.pollChanges@resource://services-settings/remote-settings.js:203:13


###!!! [Child][MessageChannel] Error: (msgtype=0x530005,name=PHttpChannel::Msg_Cancel) Closed channel: cannot send/recv

[Child 6496, Chrome_ChildThread] WARNING: pipe error: 109: file z:/task_1559931766/build/src/ipc/chromium/src/chrom[Child 2508, Chrome_ChildThread] WARNING: pipe error: 109: file z:/task_1559931766/build/src/ipc/chromium/src/chrome/common/ipc_channel_win.cc, line 341
[Child 2508, Chrome_ChildThre1560747748950	Marionette	INFO	Stopped listening on port 50256
screenshots@mozilla.org': Reading manifest: Invalid extension permission: resource://pdf.js/
1560747738692	addons.webextension.screenshots@mozilla.org	WARN	Loading extension 'screenshots@mozilla.org': Reading manifest: Invalid extension permission: about:reader*
1560747749140	Marionette	INFO	Listening on port 50330
[Child 6552, Chrom[Parent 6740, Gecko_IOThread] WARNING: file z:/task_1559931766/build/src/ipc/chromium/src/base/process_util_win.cc, line 160
1560747749351	Marionette	WARN	TLS certificate errors will be ignored for this session
[Parent 6740, Gecko_IOThread] WARNING: pipe error: 109: file z:/task_1559931766/build/src/ipc/chromium/src/chrome/common/ipc_channel_win.cc, line 341
[Parent 6740, Gecko_IOThread] WARNING: pipe error: 109: file z:/task_1559931766/build/src/ipc/chromium/src/chrome/common/ipc_channel_win.cc, line 341
[Parent 6740, Gecko_IOThread] WARNING: pipe error: 109: file z:/task_1559931766/build/src/ipc/chromium/src/chrome/common/ipc_channel_win.cc, line 341
console.error: BroadcastService: 
  receivedBroadcastMessage: handler for
  remote-settings/monitor_changes
  threw error:
  Message: Error: Polling for changes failed: http://%(server)s/dummy/blocklist//buckets/monitor/collections/changes/records?_expected=%221560618350307%22 is not a valid URL..
  Stack:
    remoteSettingsFunction/remoteSettings.pollChanges@resource://services-settings/remote-settings.js:203:13

[Parent 6740, Gecko_IOThread] WARNING: pipe error: 109: file z:/task_1559931766/build/src/ipc/chromium/src/chrome/common/ipc_channel_win.cc, line 341
[Parent 6740, Gecko_IOThread] WARNING: pipe error: 109: file z:/task_1559931766/build/src/ipc/chromium/src/chrome/common/ipc_channel_win.cc, line 341
[Parent 6740, Gecko_IOThread] WARNING: pipe error: 109: file z:/task_1559931766/build/src/ipc/chromium/src/chrome/common/ipc_channel_win.cc, line 341
[Parent 6740, Gecko_IOThread] WARNING: pipe error: 109: file z:/task_1559931766/build/src/ipc/chromium/src/chrome/common/ipc_channel_win.cc, line 341
1560747794336	Marionette	INFO	Stopped listening on port 50330
[Child 3188, Chrome_ChildThread] WARNING: pipe error: 109: file z:/task_1559931766/build/src/ipc/chromium/src/chrome/common/ipc_channel_win.cc, line 341
[Child 3188, Chrome_ChildThread] WARNING: pipe error: 109: file z:/task_1559931766/build/src/ipc/chromium/src/chrome/common/ipc_channel_win.cc, line 341
[Child 6244, Chrome_ChildThread] WARNING: pipe error: 109: file z:/task_1559931766/build/src/ipc/chromium/src/chrome/common/ipc_channel_win.cc, line 341
[Child 6244, Chrome_ChildThread] WARNING: pipe error: 109: file z:/task_1559931766/build/src/ipc/chromium/src/chrome/common/ipc_channel_win.cc, line 341
[Parent 6740, Gecko_IOThread] WARNING: pipe error: 109: file z:/task_1559931766/build/src/ipc/chromium/src/chrome/common/ipc_channel_win.cc, line 341

###!!! [Parent][RunMessage] Error: Channel closing: too late to send/recv, messages will be lost

JavaScript error: resource://gre/modules/osfile/osfile_async_front.jsm, line 400: Error: OS.File has been shut down. Rejecting post to stat
1560748100165	mozrunner::runner	INFO	Running command: "C:\\Program Files (x86)\\Mozilla Firefox\\firefox.exe" "-marionette" "-foreground" "-no-remote" "-profile" "C:\\Users\\Shuva\\AppData\\Local\\Temp\\rust_mozprofile.uXPM2UUOdZk9"
1560748101501	addons.webextension.screenshots@mozilla.org	WARN	Loading extension 'screenshots@mozilla.org': Reading manifest: Invalid extension permission: mozillaAddons
1560748101501	addons.webextension.screenshots@mozilla.org	WARN	Loading extension 'screenshots@mozilla.org': Reading manifest: Invalid extension permission: resource://pdf.js/
1560748101501	addons.webextension.screenshots@mozilla.org	WARN	Loading extension 'screenshots@mozilla.org': Reading manifest: Invalid extension permission: about:reader*
1560748105095	Marionette	INFO	Listening on port 50499
1560748105163	Marionette	WARN	TLS certificate errors will be ignored for this session
[Parent 2784, Gecko_IOThread] WARNING: pipe error: 109: file z:/task_1559931766/build/src/ipc/chromium/src/chrome/common/ipc_channel_win.cc, line 341
console.error: BroadcastService: 
  receivedBroadcastMessage: handler for
  remote-settings/monitor_changes
  threw error:
  Message: Error: Polling for changes failed: http://%(server)s/dummy/blocklist//buckets/monitor/collections/changes/records?_expected=%221560618350307%22 is not a valid URL..
  Stack:
    remoteSettingsFunction/remoteSettings.pollChanges@resource://services-settings/remote-settings.js:203:13

[Parent 2784, Gecko_IOThread] WARNING: pipe error: 109: file z:/task_1559931766/build/src/ipc/chromium/src/chrome/common/ipc_channel_win.cc, line 341
1560748151677	Marionette	INFO	Stopped listening on port 50499
[Parent 2784, Gecko_IOThread] WARNING: pipe error: 109: file z:/task_1559931766/build/src/ipc/chromium/src/chrome/common/ipc_channel_win.cc, line 341
[Parent 2784, Gecko_IOThread] WARNING: pipe error: 109: file z:/task_1559931766/build/src/ipc/chromium/src/chrome/common/ipc_channel_win.cc, line 341
[Child 5932, Chrome_ChildThread] WARNING: pipe error: 109: file z:/task_1559931766/build/src/ipc/chromium/src/chrome/common/ipc_channel_win.cc, line 341
[Child 5932, Chrome_ChildThread] WARNING: pipe error: 109: file z:/task_1559931766/build/src/ipc/chromium/src/chrome/common/ipc_channel_win.cc, line 3[4C1h
ild 7108, Chrome_ChildThread] WARNING: pipe error: 109: file z:/task_1559931766/build/src/ipc/chromium/src/chrome/common/ipc_channel_win.cc, line 341

###!!! [Child][RunMessage] Error: Channel closing: too late to send/recv, messages will be lost


###!!! [Child][MessageChannel] Error: (msgtype=0x530005,name=PHttpChannel::Msg_Cancel) Closed channel: cannot send/recv

[Child 6152, Chrome_ChildThread] WARNING: pipe error: 109: file z:/task_1559931766/build/src/ipc/chromium/src/chrome/common/ipc_channel_win.cc, line 341
[Child 6152, Chrome_ChildThread] WA